2003.04.09 11:42 B C:\SU\CSE775\CODE\ManagedCPP\EmbeddingManaged\EmbeddingManaged.cpp --> ftp.ecs.syr.edu /faculty/fawcett/handouts/CSE775/code/ManagedCPP/EmbeddingManaged EmbeddingManaged.cpp
2003.04.09 11:42 B C:\SU\CSE775\CODE\ManagedCPP\EmbeddingManaged\embeddingManaged.dat --> ftp.ecs.syr.edu /faculty/fawcett/handouts/CSE775/code/ManagedCPP/EmbeddingManaged embeddingManaged.dat
2003.04.09 11:42 B C:\SU\CSE775\CODE\ManagedCPP\EmbeddingManaged\EmbeddingManaged.prn --> ftp.ecs.syr.edu /faculty/fawcett/handouts/CSE775/code/ManagedCPP/EmbeddingManaged EmbeddingManaged.prn
2003.04.09 11:42 B C:\SU\CSE775\CODE\ManagedCPP\EmbeddingManaged\EmbeddingManaged.vcproj --> ftp.ecs.syr.edu /faculty/fawcett/handouts/CSE775/code/ManagedCPP/EmbeddingManaged EmbeddingManaged.vcproj
2003.04.09 11:42 B C:\SU\CSE775\CODE\ManagedCPP\EmbeddingManaged\ff --> ftp.ecs.syr.edu /faculty/fawcett/handouts/CSE775/code/ManagedCPP/EmbeddingManaged ff
2003.04.09 11:46 B C:\SU\CSE775\CODE\ManagedCPP\EmbeddingManaged\WS_FTP.LOG --> ftp.ecs.syr.edu /faculty/fawcett/handouts/CSE775/code/ManagedCPP/EmbeddingManaged WS_FTP.LOG
2003.04.23 08:41 B C:\SU\CSE775\CODE\ManagedCPP\EmbeddingManaged\EmbeddingManaged.cpp --> ftp.ecs.syr.edu /faculty/fawcett/handouts/CSE687/code/ManagedCPP/EmbeddingManaged EmbeddingManaged.cpp
2003.04.23 08:41 B C:\SU\CSE775\CODE\ManagedCPP\EmbeddingManaged\embeddingManaged.dat --> ftp.ecs.syr.edu /faculty/fawcett/handouts/CSE687/code/ManagedCPP/EmbeddingManaged embeddingManaged.dat
2003.04.23 08:41 B C:\SU\CSE775\CODE\ManagedCPP\EmbeddingManaged\EmbeddingManaged.prn --> ftp.ecs.syr.edu /faculty/fawcett/handouts/CSE687/code/ManagedCPP/EmbeddingManaged EmbeddingManaged.prn
2003.04.23 08:41 B C:\SU\CSE775\CODE\ManagedCPP\EmbeddingManaged\EmbeddingManaged.vcproj --> ftp.ecs.syr.edu /faculty/fawcett/handouts/CSE687/code/ManagedCPP/EmbeddingManaged EmbeddingManaged.vcproj
2003.04.23 08:41 B C:\SU\CSE775\CODE\ManagedCPP\EmbeddingManaged\ff --> ftp.ecs.syr.edu /faculty/fawcett/handouts/CSE687/code/ManagedCPP/EmbeddingManaged ff
2003.04.23 08:41 B C:\SU\CSE775\CODE\ManagedCPP\EmbeddingManaged\WS_FTP.LOG --> ftp.ecs.syr.edu /faculty/fawcett/handouts/CSE687/code/ManagedCPP/EmbeddingManaged WS_FTP.LOG
2006.03.20 11:22 B C:\SU\CSE775\CODE\ManagedCPP\EmbeddingManaged\EmbeddingManaged.cpp --> ftp.ecs.syr.edu /faculty/fawcett/handouts/CSE775/code/ManagedCPP/EmbeddingManaged EmbeddingManaged.cpp
2006.03.20 11:22 B C:\SU\CSE775\CODE\ManagedCPP\EmbeddingManaged\embeddingManaged.dat --> ftp.ecs.syr.edu /faculty/fawcett/handouts/CSE775/code/ManagedCPP/EmbeddingManaged embeddingManaged.dat
2006.03.20 11:22 B C:\SU\CSE775\CODE\ManagedCPP\EmbeddingManaged\EmbeddingManaged.txt --> ftp.ecs.syr.edu /faculty/fawcett/handouts/CSE775/code/ManagedCPP/EmbeddingManaged EmbeddingManaged.txt
2006.03.20 11:22 B C:\SU\CSE775\CODE\ManagedCPP\EmbeddingManaged\EmbeddingManaged.vcproj --> ftp.ecs.syr.edu /faculty/fawcett/handouts/CSE775/code/ManagedCPP/EmbeddingManaged EmbeddingManaged.vcproj
2006.03.20 11:22 B C:\SU\CSE775\CODE\ManagedCPP\EmbeddingManaged\EmbeddingManaged.vcproj.CHALLENGER.Administrator.user --> ftp.ecs.syr.edu /faculty/fawcett/handouts/CSE775/code/ManagedCPP/EmbeddingManaged EmbeddingManaged.vcproj.CHALLENGER.Administrator.user
2006.03.20 11:22 B C:\SU\CSE775\CODE\ManagedCPP\EmbeddingManaged\EmbeddingManaged.vcproj.COLUMBIA.Administrator.user --> ftp.ecs.syr.edu /faculty/fawcett/handouts/CSE775/code/ManagedCPP/EmbeddingManaged EmbeddingManaged.vcproj.COLUMBIA.Administrator.user
2006.03.20 11:22 B C:\SU\CSE775\CODE\ManagedCPP\EmbeddingManaged\ff --> ftp.ecs.syr.edu /faculty/fawcett/handouts/CSE775/code/ManagedCPP/EmbeddingManaged ff
2006.03.20 11:22 B C:\SU\CSE775\CODE\ManagedCPP\EmbeddingManaged\lines --> ftp.ecs.syr.edu /faculty/fawcett/handouts/CSE775/code/ManagedCPP/EmbeddingManaged lines
2006.03.20 11:22 B C:\SU\CSE775\CODE\ManagedCPP\EmbeddingManaged\WS_FTP.LOG --> ftp.ecs.syr.edu /faculty/fawcett/handouts/CSE775/code/ManagedCPP/EmbeddingManaged WS_FTP.LOG
