c:\github\jimfawcett\interop\formsinterop\cppbridge\debug\vc142.pdb
c:\github\jimfawcett\interop\formsinterop\cppbridge\debug\tokenizer.obj
c:\github\jimfawcett\interop\formsinterop\cppbridge\debug\cppbridge.obj
c:\github\jimfawcett\interop\formsinterop\cppbridge\debug\assemblyinfo.obj
c:\github\jimfawcett\interop\formsinterop\cppbridge\debug\.netframework,version=v4.0.assemblyattributes.obj
c:\github\jimfawcett\interop\formsinterop\cppbridge\debug\.netframework,version=v4.0.assemblyattributes.asm
c:\github\jimfawcett\interop\formsinterop\debug\cppbridge.dll
c:\github\jimfawcett\interop\formsinterop\debug\cppbridge.pdb
c:\github\jimfawcett\interop\formsinterop\cppbridge\debug\app.res
c:\github\jimfawcett\interop\formsinterop\cppbridge\debug\cppbridge.tlog\cl.command.1.tlog
c:\github\jimfawcett\interop\formsinterop\cppbridge\debug\cppbridge.tlog\cl.read.1.tlog
c:\github\jimfawcett\interop\formsinterop\cppbridge\debug\cppbridge.tlog\cl.write.1.tlog
c:\github\jimfawcett\interop\formsinterop\cppbridge\debug\cppbridge.tlog\link.command.1.tlog
c:\github\jimfawcett\interop\formsinterop\cppbridge\debug\cppbridge.tlog\link.read.1.tlog
c:\github\jimfawcett\interop\formsinterop\cppbridge\debug\cppbridge.tlog\link.write.1.tlog
c:\github\jimfawcett\interop\formsinterop\cppbridge\debug\cppbridge.tlog\metagen.read.1.tlog
c:\github\jimfawcett\interop\formsinterop\cppbridge\debug\cppbridge.tlog\metagen.write.1.tlog
c:\github\jimfawcett\interop\formsinterop\cppbridge\debug\cppbridge.tlog\rc.command.1.tlog
c:\github\jimfawcett\interop\formsinterop\cppbridge\debug\cppbridge.tlog\rc.read.1.tlog
c:\github\jimfawcett\interop\formsinterop\cppbridge\debug\cppbridge.tlog\rc.write.1.tlog
