c:\github\jimfawcett\interop\wpf-consoleapplication\wpf-consoleapplication\debug\vc142.pdb
c:\github\jimfawcett\interop\wpf-consoleapplication\wpf-consoleapplication\debug\wpf-consoleapplication.obj
c:\github\jimfawcett\interop\wpf-consoleapplication\wpf-consoleapplication\debug\assemblyinfo.obj
c:\github\jimfawcett\interop\wpf-consoleapplication\wpf-consoleapplication\debug\.netframework,version=v4.5.assemblyattributes.obj
c:\github\jimfawcett\interop\wpf-consoleapplication\wpf-consoleapplication\debug\.netframework,version=v4.5.assemblyattributes.asm
c:\github\jimfawcett\interop\wpf-consoleapplication\debug\wpf-consoleapplication.exe
c:\github\jimfawcett\interop\wpf-consoleapplication\debug\wpf-consoleapplication.pdb
c:\github\jimfawcett\interop\wpf-consoleapplication\wpf-consoleapplication\debug\app.res
c:\github\jimfawcett\interop\wpf-consoleapplication\wpf-consoleapplication\debug\wpf-consoleapplication.vcxprojassemblyreference.cache
c:\github\jimfawcett\interop\wpf-consoleapplication\wpf-consoleapplication\debug\wpf-cons.f6f129a1.tlog\cl.command.1.tlog
c:\github\jimfawcett\interop\wpf-consoleapplication\wpf-consoleapplication\debug\wpf-cons.f6f129a1.tlog\cl.read.1.tlog
c:\github\jimfawcett\interop\wpf-consoleapplication\wpf-consoleapplication\debug\wpf-cons.f6f129a1.tlog\cl.write.1.tlog
c:\github\jimfawcett\interop\wpf-consoleapplication\wpf-consoleapplication\debug\wpf-cons.f6f129a1.tlog\link.command.1.tlog
c:\github\jimfawcett\interop\wpf-consoleapplication\wpf-consoleapplication\debug\wpf-cons.f6f129a1.tlog\link.read.1.tlog
c:\github\jimfawcett\interop\wpf-consoleapplication\wpf-consoleapplication\debug\wpf-cons.f6f129a1.tlog\link.write.1.tlog
c:\github\jimfawcett\interop\wpf-consoleapplication\wpf-consoleapplication\debug\wpf-cons.f6f129a1.tlog\metagen.read.1.tlog
c:\github\jimfawcett\interop\wpf-consoleapplication\wpf-consoleapplication\debug\wpf-cons.f6f129a1.tlog\metagen.write.1.tlog
c:\github\jimfawcett\interop\wpf-consoleapplication\wpf-consoleapplication\debug\wpf-cons.f6f129a1.tlog\rc.command.1.tlog
c:\github\jimfawcett\interop\wpf-consoleapplication\wpf-consoleapplication\debug\wpf-cons.f6f129a1.tlog\rc.read.1.tlog
c:\github\jimfawcett\interop\wpf-consoleapplication\wpf-consoleapplication\debug\wpf-cons.f6f129a1.tlog\rc.write.1.tlog
