2003.10.12 12:58 B C:\SU\CSE775\CODE\components\TreeViewPlus\obj\Debug\TreeViewPlus.dll --> ftp.ecs.syr.edu /faculty/fawcett/handouts/CSE681/Project4HelpFall03/components/TreeViewPlus/obj/Debug TreeViewPlus.dll
2003.10.12 12:58 B C:\SU\CSE775\CODE\components\TreeViewPlus\obj\Debug\TreeViewPlus.dll.incr --> ftp.ecs.syr.edu /faculty/fawcett/handouts/CSE681/Project4HelpFall03/components/TreeViewPlus/obj/Debug TreeViewPlus.dll.incr
2003.10.12 12:58 B C:\SU\CSE775\CODE\components\TreeViewPlus\obj\Debug\TreeViewPlus.pdb --> ftp.ecs.syr.edu /faculty/fawcett/handouts/CSE681/Project4HelpFall03/components/TreeViewPlus/obj/Debug TreeViewPlus.pdb
2003.10.12 12:58 B C:\SU\CSE775\CODE\components\TreeViewPlus\obj\Debug\TreeViewPlus.projdata --> ftp.ecs.syr.edu /faculty/fawcett/handouts/CSE681/Project4HelpFall03/components/TreeViewPlus/obj/Debug TreeViewPlus.projdata
2003.10.12 12:58 B C:\SU\CSE775\CODE\components\TreeViewPlus\obj\Debug\TreeViewPlus.TVPlus.resources --> ftp.ecs.syr.edu /faculty/fawcett/handouts/CSE681/Project4HelpFall03/components/TreeViewPlus/obj/Debug TreeViewPlus.TVPlus.resources
2004.02.25 10:17 B C:\SU\CSE775\CODE\components\TreeViewPlus\obj\Debug\TreeViewPlus.dll --> ftp.ecs.syr.edu /faculty/fawcett/handouts/CSE775/code/components/TreeViewPlus/obj/Debug TreeViewPlus.dll
2004.02.25 10:17 B C:\SU\CSE775\CODE\components\TreeViewPlus\obj\Debug\TreeViewPlus.dll.incr --> ftp.ecs.syr.edu /faculty/fawcett/handouts/CSE775/code/components/TreeViewPlus/obj/Debug TreeViewPlus.dll.incr
2004.02.25 10:17 B C:\SU\CSE775\CODE\components\TreeViewPlus\obj\Debug\TreeViewPlus.pdb --> ftp.ecs.syr.edu /faculty/fawcett/handouts/CSE775/code/components/TreeViewPlus/obj/Debug TreeViewPlus.pdb
2004.02.25 10:17 B C:\SU\CSE775\CODE\components\TreeViewPlus\obj\Debug\TreeViewPlus.projdata --> ftp.ecs.syr.edu /faculty/fawcett/handouts/CSE775/code/components/TreeViewPlus/obj/Debug TreeViewPlus.projdata
2004.02.25 10:17 B C:\SU\CSE775\CODE\components\TreeViewPlus\obj\Debug\TreeViewPlus.TVPlus.resources --> ftp.ecs.syr.edu /faculty/fawcett/handouts/CSE775/code/components/TreeViewPlus/obj/Debug TreeViewPlus.TVPlus.resources
2004.02.25 10:17 B C:\SU\CSE775\CODE\components\TreeViewPlus\obj\Debug\WS_FTP.LOG --> ftp.ecs.syr.edu /faculty/fawcett/handouts/CSE775/code/components/TreeViewPlus/obj/Debug WS_FTP.LOG
2004.04.17 17:11 B C:\SU\CSE687\Code\demoCppWinForm\TreeViewPlus\obj\Debug\TreeViewPlus.dll --> ftp.ecs.syr.edu /faculty/fawcett/handouts/CSE687/code/demoCppWinForm/TreeViewPlus/obj/Debug TreeViewPlus.dll
2004.04.17 17:11 B C:\SU\CSE687\Code\demoCppWinForm\TreeViewPlus\obj\Debug\TreeViewPlus.dll.incr --> ftp.ecs.syr.edu /faculty/fawcett/handouts/CSE687/code/demoCppWinForm/TreeViewPlus/obj/Debug TreeViewPlus.dll.incr
2004.04.17 17:11 B C:\SU\CSE687\Code\demoCppWinForm\TreeViewPlus\obj\Debug\TreeViewPlus.pdb --> ftp.ecs.syr.edu /faculty/fawcett/handouts/CSE687/code/demoCppWinForm/TreeViewPlus/obj/Debug TreeViewPlus.pdb
2004.04.17 17:11 B C:\SU\CSE687\Code\demoCppWinForm\TreeViewPlus\obj\Debug\TreeViewPlus.projdata --> ftp.ecs.syr.edu /faculty/fawcett/handouts/CSE687/code/demoCppWinForm/TreeViewPlus/obj/Debug TreeViewPlus.projdata
2004.04.17 17:11 B C:\SU\CSE687\Code\demoCppWinForm\TreeViewPlus\obj\Debug\TreeViewPlus.TVPlus.resources --> ftp.ecs.syr.edu /faculty/fawcett/handouts/CSE687/code/demoCppWinForm/TreeViewPlus/obj/Debug TreeViewPlus.TVPlus.resources
2004.04.17 17:11 B C:\SU\CSE687\Code\demoCppWinForm\TreeViewPlus\obj\Debug\WS_FTP.LOG --> ftp.ecs.syr.edu /faculty/fawcett/handouts/CSE687/code/demoCppWinForm/TreeViewPlus/obj/Debug WS_FTP.LOG
2004.06.06 10:35 B C:\SU\CSE681\code\demoCppWinForm\TreeViewPlus\obj\Debug\TreeViewPlus.dll --> ftp.ecs.syr.edu /faculty/fawcett/handouts/CSE681/code/demoCppWinForm/TreeViewPlus/obj/Debug TreeViewPlus.dll
2004.06.06 10:35 B C:\SU\CSE681\code\demoCppWinForm\TreeViewPlus\obj\Debug\TreeViewPlus.dll.incr --> ftp.ecs.syr.edu /faculty/fawcett/handouts/CSE681/code/demoCppWinForm/TreeViewPlus/obj/Debug TreeViewPlus.dll.incr
2004.06.06 10:35 B C:\SU\CSE681\code\demoCppWinForm\TreeViewPlus\obj\Debug\TreeViewPlus.pdb --> ftp.ecs.syr.edu /faculty/fawcett/handouts/CSE681/code/demoCppWinForm/TreeViewPlus/obj/Debug TreeViewPlus.pdb
2004.06.06 10:35 B C:\SU\CSE681\code\demoCppWinForm\TreeViewPlus\obj\Debug\TreeViewPlus.projdata --> ftp.ecs.syr.edu /faculty/fawcett/handouts/CSE681/code/demoCppWinForm/TreeViewPlus/obj/Debug TreeViewPlus.projdata
2004.06.06 10:35 B C:\SU\CSE681\code\demoCppWinForm\TreeViewPlus\obj\Debug\TreeViewPlus.TVPlus.resources --> ftp.ecs.syr.edu /faculty/fawcett/handouts/CSE681/code/demoCppWinForm/TreeViewPlus/obj/Debug TreeViewPlus.TVPlus.resources
2004.06.06 10:35 B C:\SU\CSE681\code\demoCppWinForm\TreeViewPlus\obj\Debug\WS_FTP.LOG --> ftp.ecs.syr.edu /faculty/fawcett/handouts/CSE681/code/demoCppWinForm/TreeViewPlus/obj/Debug WS_FTP.LOG
2005.03.30 08:42 B C:\SU\CSE681\code\demoCppWinForm\TreeViewPlus\obj\Debug\TreeViewPlus.dll --> ftp.ecs.syr.edu /faculty/fawcett/handouts/CSE775/code/demoCppWinForm/TreeViewPlus/obj/Debug TreeViewPlus.dll
2005.03.30 08:42 B C:\SU\CSE681\code\demoCppWinForm\TreeViewPlus\obj\Debug\TreeViewPlus.dll.incr --> ftp.ecs.syr.edu /faculty/fawcett/handouts/CSE775/code/demoCppWinForm/TreeViewPlus/obj/Debug TreeViewPlus.dll.incr
2005.03.30 08:42 B C:\SU\CSE681\code\demoCppWinForm\TreeViewPlus\obj\Debug\TreeViewPlus.pdb --> ftp.ecs.syr.edu /faculty/fawcett/handouts/CSE775/code/demoCppWinForm/TreeViewPlus/obj/Debug TreeViewPlus.pdb
2005.03.30 08:42 B C:\SU\CSE681\code\demoCppWinForm\TreeViewPlus\obj\Debug\TreeViewPlus.projdata --> ftp.ecs.syr.edu /faculty/fawcett/handouts/CSE775/code/demoCppWinForm/TreeViewPlus/obj/Debug TreeViewPlus.projdata
2005.03.30 08:42 B C:\SU\CSE681\code\demoCppWinForm\TreeViewPlus\obj\Debug\TreeViewPlus.TVPlus.resources --> ftp.ecs.syr.edu /faculty/fawcett/handouts/CSE775/code/demoCppWinForm/TreeViewPlus/obj/Debug TreeViewPlus.TVPlus.resources
2005.03.30 08:42 B C:\SU\CSE681\code\demoCppWinForm\TreeViewPlus\obj\Debug\WS_FTP.LOG --> ftp.ecs.syr.edu /faculty/fawcett/handouts/CSE775/code/demoCppWinForm/TreeViewPlus/obj/Debug WS_FTP.LOG
2005.04.10 19:33 B C:\SU\CoreTechnologies\ManagedCpp\code\demoCppWinForm\TreeViewPlus\obj\Debug\TreeViewPlus.dll --> ftp.ecs.syr.edu /faculty/fawcett/handouts/CoreTechnologies/ManagedCpp/code/demoCppWinForm/TreeViewPlus/obj/Debug TreeViewPlus.dll
2005.04.10 19:33 B C:\SU\CoreTechnologies\ManagedCpp\code\demoCppWinForm\TreeViewPlus\obj\Debug\TreeViewPlus.dll.incr --> ftp.ecs.syr.edu /faculty/fawcett/handouts/CoreTechnologies/ManagedCpp/code/demoCppWinForm/TreeViewPlus/obj/Debug TreeViewPlus.dll.incr
2005.04.10 19:33 B C:\SU\CoreTechnologies\ManagedCpp\code\demoCppWinForm\TreeViewPlus\obj\Debug\TreeViewPlus.pdb --> ftp.ecs.syr.edu /faculty/fawcett/handouts/CoreTechnologies/ManagedCpp/code/demoCppWinForm/TreeViewPlus/obj/Debug TreeViewPlus.pdb
2005.04.10 19:33 B C:\SU\CoreTechnologies\ManagedCpp\code\demoCppWinForm\TreeViewPlus\obj\Debug\TreeViewPlus.projdata --> ftp.ecs.syr.edu /faculty/fawcett/handouts/CoreTechnologies/ManagedCpp/code/demoCppWinForm/TreeViewPlus/obj/Debug TreeViewPlus.projdata
2005.04.10 19:33 B C:\SU\CoreTechnologies\ManagedCpp\code\demoCppWinForm\TreeViewPlus\obj\Debug\TreeViewPlus.TVPlus.resources --> ftp.ecs.syr.edu /faculty/fawcett/handouts/CoreTechnologies/ManagedCpp/code/demoCppWinForm/TreeViewPlus/obj/Debug TreeViewPlus.TVPlus.resources
2005.04.10 19:33 B C:\SU\CoreTechnologies\ManagedCpp\code\demoCppWinForm\TreeViewPlus\obj\Debug\WS_FTP.LOG --> ftp.ecs.syr.edu /faculty/fawcett/handouts/CoreTechnologies/ManagedCpp/code/demoCppWinForm/TreeViewPlus/obj/Debug WS_FTP.LOG
