c:\github\jimfawcett\interop\formsinterop\cppformsinterop\debug\cppformsinterop.pch
c:\github\jimfawcett\interop\formsinterop\cppformsinterop\debug\vc142.pdb
c:\github\jimfawcett\interop\formsinterop\cppformsinterop\debug\stdafx.obj
c:\github\jimfawcett\interop\formsinterop\cppformsinterop\debug\assemblyinfo.obj
c:\github\jimfawcett\interop\formsinterop\cppformsinterop\debug\cppformsinterop.obj
c:\github\jimfawcett\interop\formsinterop\cppformsinterop\debug\.netframework,version=v4.0.assemblyattributes.obj
c:\github\jimfawcett\interop\formsinterop\cppformsinterop\debug\.netframework,version=v4.0.assemblyattributes.asm
c:\github\jimfawcett\interop\formsinterop\cppformsinterop\debug\cppformsinterop.form1.resources
c:\github\jimfawcett\interop\formsinterop\debug\cppformsinterop.exe
c:\github\jimfawcett\interop\formsinterop\debug\cppformsinterop.pdb
c:\github\jimfawcett\interop\formsinterop\cppformsinterop\debug\app.res
c:\github\jimfawcett\interop\formsinterop\cppformsinterop\debug\cppformsinterop.vcxproj.generateresource.cache
c:\github\jimfawcett\interop\formsinterop\cppformsinterop\debug\cppbridge.pdb
c:\github\jimfawcett\interop\formsinterop\cppformsinterop\debug\cppbridge.dll.metagen
c:\github\jimfawcett\interop\formsinterop\cppformsinterop\debug\cppformsinterop.tlog\cl.command.1.tlog
c:\github\jimfawcett\interop\formsinterop\cppformsinterop\debug\cppformsinterop.tlog\cl.read.1.tlog
c:\github\jimfawcett\interop\formsinterop\cppformsinterop\debug\cppformsinterop.tlog\cl.write.1.tlog
c:\github\jimfawcett\interop\formsinterop\cppformsinterop\debug\cppformsinterop.tlog\cppformsinterop.write.1u.tlog
c:\github\jimfawcett\interop\formsinterop\cppformsinterop\debug\cppformsinterop.tlog\link.command.1.tlog
c:\github\jimfawcett\interop\formsinterop\cppformsinterop\debug\cppformsinterop.tlog\link.read.1.tlog
c:\github\jimfawcett\interop\formsinterop\cppformsinterop\debug\cppformsinterop.tlog\link.write.1.tlog
c:\github\jimfawcett\interop\formsinterop\cppformsinterop\debug\cppformsinterop.tlog\metagen.read.1.tlog
c:\github\jimfawcett\interop\formsinterop\cppformsinterop\debug\cppformsinterop.tlog\metagen.write.1.tlog
c:\github\jimfawcett\interop\formsinterop\cppformsinterop\debug\cppformsinterop.tlog\rc.command.1.tlog
c:\github\jimfawcett\interop\formsinterop\cppformsinterop\debug\cppformsinterop.tlog\rc.read.1.tlog
c:\github\jimfawcett\interop\formsinterop\cppformsinterop\debug\cppformsinterop.tlog\rc.write.1.tlog
