2004.04.17 07:26 B C:\SU\CSE687\Code\demoWinForm\Debug\app.res <-- Bismark /CSE687/Code/demoWinForm/Debug app.res
2004.04.17 07:26 B C:\SU\CSE687\Code\demoWinForm\Debug\AssemblyInfo.obj <-- Bismark /CSE687/Code/demoWinForm/Debug AssemblyInfo.obj
2004.04.17 07:26 B C:\SU\CSE687\Code\demoWinForm\Debug\BuildLog.htm <-- Bismark /CSE687/Code/demoWinForm/Debug BuildLog.htm
2004.04.17 07:26 B C:\SU\CSE687\Code\demoWinForm\Debug\demoWinForm.exe <-- Bismark /CSE687/Code/demoWinForm/Debug demoWinForm.exe
2004.04.17 07:26 B C:\SU\CSE687\Code\demoWinForm\Debug\demoWinForm.Form1.resources <-- Bismark /CSE687/Code/demoWinForm/Debug demoWinForm.Form1.resources
2004.04.17 07:26 B C:\SU\CSE687\Code\demoWinForm\Debug\demoWinForm.pch <-- Bismark /CSE687/Code/demoWinForm/Debug demoWinForm.pch
2004.04.17 07:26 B C:\SU\CSE687\Code\demoWinForm\Debug\demoWinForm.pdb <-- Bismark /CSE687/Code/demoWinForm/Debug demoWinForm.pdb
2004.04.17 07:26 B C:\SU\CSE687\Code\demoWinForm\Debug\Form1.obj <-- Bismark /CSE687/Code/demoWinForm/Debug Form1.obj
2004.04.17 07:26 B C:\SU\CSE687\Code\demoWinForm\Debug\stdafx.obj <-- Bismark /CSE687/Code/demoWinForm/Debug stdafx.obj
2004.04.17 07:26 B C:\SU\CSE687\Code\demoWinForm\Debug\vc70.idb <-- Bismark /CSE687/Code/demoWinForm/Debug vc70.idb
2004.04.17 07:26 B C:\SU\CSE687\Code\demoWinForm\Debug\vc70.pdb <-- Bismark /CSE687/Code/demoWinForm/Debug vc70.pdb
2004.04.17 17:11 B C:\SU\CSE687\Code\demoCppWinForm\Debug\BuildLog.htm --> ftp.ecs.syr.edu /faculty/fawcett/handouts/CSE687/code/demoCppWinForm/Debug BuildLog.htm
2004.04.17 17:11 B C:\SU\CSE687\Code\demoCppWinForm\Debug\demoWinForm.ilk --> ftp.ecs.syr.edu /faculty/fawcett/handouts/CSE687/code/demoCppWinForm/Debug demoWinForm.ilk
2004.04.17 17:11 B C:\SU\CSE687\Code\demoCppWinForm\Debug\WS_FTP.LOG --> ftp.ecs.syr.edu /faculty/fawcett/handouts/CSE687/code/demoCppWinForm/Debug WS_FTP.LOG
2004.06.06 10:34 B C:\SU\CSE681\code\demoCppWinForm\Debug\app.res --> ftp.ecs.syr.edu /faculty/fawcett/handouts/CSE681/code/demoCppWinForm/Debug app.res
2004.06.06 10:34 B C:\SU\CSE681\code\demoCppWinForm\Debug\AssemblyInfo.obj --> ftp.ecs.syr.edu /faculty/fawcett/handouts/CSE681/code/demoCppWinForm/Debug AssemblyInfo.obj
2004.06.06 10:34 B C:\SU\CSE681\code\demoCppWinForm\Debug\BrowseForm.obj --> ftp.ecs.syr.edu /faculty/fawcett/handouts/CSE681/code/demoCppWinForm/Debug BrowseForm.obj
2004.06.06 10:34 B C:\SU\CSE681\code\demoCppWinForm\Debug\BuildLog.htm --> ftp.ecs.syr.edu /faculty/fawcett/handouts/CSE681/code/demoCppWinForm/Debug BuildLog.htm
2004.06.06 10:34 B C:\SU\CSE681\code\demoCppWinForm\Debug\demoWinForm.BrowseForm.resources --> ftp.ecs.syr.edu /faculty/fawcett/handouts/CSE681/code/demoCppWinForm/Debug demoWinForm.BrowseForm.resources
2004.06.06 10:34 B C:\SU\CSE681\code\demoCppWinForm\Debug\demoWinForm.exe --> ftp.ecs.syr.edu /faculty/fawcett/handouts/CSE681/code/demoCppWinForm/Debug demoWinForm.exe
2004.06.06 10:34 B C:\SU\CSE681\code\demoCppWinForm\Debug\demoWinForm.Form1.resources --> ftp.ecs.syr.edu /faculty/fawcett/handouts/CSE681/code/demoCppWinForm/Debug demoWinForm.Form1.resources
2004.06.06 10:34 B C:\SU\CSE681\code\demoCppWinForm\Debug\demoWinForm.ilk --> ftp.ecs.syr.edu /faculty/fawcett/handouts/CSE681/code/demoCppWinForm/Debug demoWinForm.ilk
2004.06.06 10:35 B C:\SU\CSE681\code\demoCppWinForm\Debug\demoWinForm.pch --> ftp.ecs.syr.edu /faculty/fawcett/handouts/CSE681/code/demoCppWinForm/Debug demoWinForm.pch
2004.06.06 10:35 B C:\SU\CSE681\code\demoCppWinForm\Debug\demoWinForm.pdb --> ftp.ecs.syr.edu /faculty/fawcett/handouts/CSE681/code/demoCppWinForm/Debug demoWinForm.pdb
2004.06.06 10:35 B C:\SU\CSE681\code\demoCppWinForm\Debug\Form1.obj --> ftp.ecs.syr.edu /faculty/fawcett/handouts/CSE681/code/demoCppWinForm/Debug Form1.obj
2004.06.06 10:35 B C:\SU\CSE681\code\demoCppWinForm\Debug\stdafx.obj --> ftp.ecs.syr.edu /faculty/fawcett/handouts/CSE681/code/demoCppWinForm/Debug stdafx.obj
2004.06.06 10:35 B C:\SU\CSE681\code\demoCppWinForm\Debug\TreeViewPlus.dll --> ftp.ecs.syr.edu /faculty/fawcett/handouts/CSE681/code/demoCppWinForm/Debug TreeViewPlus.dll
2004.06.06 10:35 B C:\SU\CSE681\code\demoCppWinForm\Debug\vc70.idb --> ftp.ecs.syr.edu /faculty/fawcett/handouts/CSE681/code/demoCppWinForm/Debug vc70.idb
2004.06.06 10:35 B C:\SU\CSE681\code\demoCppWinForm\Debug\vc70.pdb --> ftp.ecs.syr.edu /faculty/fawcett/handouts/CSE681/code/demoCppWinForm/Debug vc70.pdb
2004.06.06 10:35 B C:\SU\CSE681\code\demoCppWinForm\Debug\WS_FTP.LOG --> ftp.ecs.syr.edu /faculty/fawcett/handouts/CSE681/code/demoCppWinForm/Debug WS_FTP.LOG
2005.03.30 08:41 B C:\SU\CSE681\code\demoCppWinForm\Debug\BuildLog.htm --> ftp.ecs.syr.edu /faculty/fawcett/handouts/CSE775/code/demoCppWinForm/Debug BuildLog.htm
2005.03.30 08:41 B C:\SU\CSE681\code\demoCppWinForm\Debug\demoWinForm.ilk --> ftp.ecs.syr.edu /faculty/fawcett/handouts/CSE775/code/demoCppWinForm/Debug demoWinForm.ilk
2005.03.30 08:41 B C:\SU\CSE681\code\demoCppWinForm\Debug\WS_FTP.LOG --> ftp.ecs.syr.edu /faculty/fawcett/handouts/CSE775/code/demoCppWinForm/Debug WS_FTP.LOG
2005.04.10 19:33 B C:\SU\CoreTechnologies\ManagedCpp\code\demoCppWinForm\Debug\BuildLog.htm --> ftp.ecs.syr.edu /faculty/fawcett/handouts/CoreTechnologies/ManagedCpp/code/demoCppWinForm/Debug BuildLog.htm
2005.04.10 19:33 B C:\SU\CoreTechnologies\ManagedCpp\code\demoCppWinForm\Debug\demoWinForm.ilk --> ftp.ecs.syr.edu /faculty/fawcett/handouts/CoreTechnologies/ManagedCpp/code/demoCppWinForm/Debug demoWinForm.ilk
2005.04.10 19:33 B C:\SU\CoreTechnologies\ManagedCpp\code\demoCppWinForm\Debug\WS_FTP.LOG --> ftp.ecs.syr.edu /faculty/fawcett/handouts/CoreTechnologies/ManagedCpp/code/demoCppWinForm/Debug WS_FTP.LOG
