2003.02.23 20:58 B C:\SU\CSE775\CODE\CSharpExamples\demoIndexers\App.ico --> ftp.ecs.syr.edu /faculty/fawcett/handouts/CSE775/code/CSharpExamples/demoIndexers App.ico
2003.02.23 20:58 B C:\SU\CSE775\CODE\CSharpExamples\demoIndexers\AssemblyInfo.cs --> ftp.ecs.syr.edu /faculty/fawcett/handouts/CSE775/code/CSharpExamples/demoIndexers AssemblyInfo.cs
2003.02.23 20:58 B C:\SU\CSE775\CODE\CSharpExamples\demoIndexers\demoIndexers.cs --> ftp.ecs.syr.edu /faculty/fawcett/handouts/CSE775/code/CSharpExamples/demoIndexers demoIndexers.cs
2003.02.23 20:58 B C:\SU\CSE775\CODE\CSharpExamples\demoIndexers\demoIndexers.csproj --> ftp.ecs.syr.edu /faculty/fawcett/handouts/CSE775/code/CSharpExamples/demoIndexers demoIndexers.csproj
2003.02.23 20:58 B C:\SU\CSE775\CODE\CSharpExamples\demoIndexers\demoIndexers.csproj.user --> ftp.ecs.syr.edu /faculty/fawcett/handouts/CSE775/code/CSharpExamples/demoIndexers demoIndexers.csproj.user
2005.03.28 10:37 B C:\SU\CSE775\CODE\CSharpExamples\demoIndexers\demoIndexers.csproj.user --> ftp.ecs.syr.edu /faculty/fawcett/handouts/CSE775/code/CSharpExamples/demoIndexers demoIndexers.csproj.user
2005.03.28 10:37 B C:\SU\CSE775\CODE\CSharpExamples\demoIndexers\demoindexers.prn --> ftp.ecs.syr.edu /faculty/fawcett/handouts/CSE775/code/CSharpExamples/demoIndexers demoindexers.prn
2005.03.28 10:37 B C:\SU\CSE775\CODE\CSharpExamples\demoIndexers\demoindexers.dat --> ftp.ecs.syr.edu /faculty/fawcett/handouts/CSE775/code/CSharpExamples/demoIndexers demoindexers.dat
2005.03.28 10:37 B C:\SU\CSE775\CODE\CSharpExamples\demoIndexers\demoIndexers.exe --> ftp.ecs.syr.edu /faculty/fawcett/handouts/CSE775/code/CSharpExamples/demoIndexers demoIndexers.exe
2005.03.28 10:37 B C:\SU\CSE775\CODE\CSharpExamples\demoIndexers\demoIndexers.csproj --> ftp.ecs.syr.edu /faculty/fawcett/handouts/CSE775/code/CSharpExamples/demoIndexers demoIndexers.csproj
2005.03.28 10:37 B C:\SU\CSE775\CODE\CSharpExamples\demoIndexers\demoIndexers.cs --> ftp.ecs.syr.edu /faculty/fawcett/handouts/CSE775/code/CSharpExamples/demoIndexers demoIndexers.cs
2005.03.28 10:37 B C:\SU\CSE775\CODE\CSharpExamples\demoIndexers\WS_FTP.LOG --> ftp.ecs.syr.edu /faculty/fawcett/handouts/CSE775/code/CSharpExamples/demoIndexers WS_FTP.LOG
2005.04.10 19:31 B C:\SU\CoreTechnologies\ManagedCpp\code\CSharpExamples\demoIndexers\App.ico --> ftp.ecs.syr.edu /faculty/fawcett/handouts/CoreTechnologies/ManagedCpp/code/CSharpExamples/demoIndexers App.ico
2005.04.10 19:31 B C:\SU\CoreTechnologies\ManagedCpp\code\CSharpExamples\demoIndexers\AssemblyInfo.cs --> ftp.ecs.syr.edu /faculty/fawcett/handouts/CoreTechnologies/ManagedCpp/code/CSharpExamples/demoIndexers AssemblyInfo.cs
2005.04.10 19:31 B C:\SU\CoreTechnologies\ManagedCpp\code\CSharpExamples\demoIndexers\demoIndexers.cs --> ftp.ecs.syr.edu /faculty/fawcett/handouts/CoreTechnologies/ManagedCpp/code/CSharpExamples/demoIndexers demoIndexers.cs
2005.04.10 19:31 B C:\SU\CoreTechnologies\ManagedCpp\code\CSharpExamples\demoIndexers\demoIndexers.csproj --> ftp.ecs.syr.edu /faculty/fawcett/handouts/CoreTechnologies/ManagedCpp/code/CSharpExamples/demoIndexers demoIndexers.csproj
2005.04.10 19:31 B C:\SU\CoreTechnologies\ManagedCpp\code\CSharpExamples\demoIndexers\demoIndexers.csproj.user --> ftp.ecs.syr.edu /faculty/fawcett/handouts/CoreTechnologies/ManagedCpp/code/CSharpExamples/demoIndexers demoIndexers.csproj.user
2005.04.10 19:31 B C:\SU\CoreTechnologies\ManagedCpp\code\CSharpExamples\demoIndexers\demoindexers.dat --> ftp.ecs.syr.edu /faculty/fawcett/handouts/CoreTechnologies/ManagedCpp/code/CSharpExamples/demoIndexers demoindexers.dat
2005.04.10 19:31 B C:\SU\CoreTechnologies\ManagedCpp\code\CSharpExamples\demoIndexers\demoIndexers.exe --> ftp.ecs.syr.edu /faculty/fawcett/handouts/CoreTechnologies/ManagedCpp/code/CSharpExamples/demoIndexers demoIndexers.exe
2005.04.10 19:31 B C:\SU\CoreTechnologies\ManagedCpp\code\CSharpExamples\demoIndexers\demoindexers.prn --> ftp.ecs.syr.edu /faculty/fawcett/handouts/CoreTechnologies/ManagedCpp/code/CSharpExamples/demoIndexers demoindexers.prn
2005.04.10 19:31 B C:\SU\CoreTechnologies\ManagedCpp\code\CSharpExamples\demoIndexers\WS_FTP.LOG --> ftp.ecs.syr.edu /faculty/fawcett/handouts/CoreTechnologies/ManagedCpp/code/CSharpExamples/demoIndexers WS_FTP.LOG
