2003.04.09 11:43 B C:\SU\CSE775\CODE\ManagedCPP\Marshaling\Marshaling.cpp --> ftp.ecs.syr.edu /faculty/fawcett/handouts/CSE775/code/ManagedCPP/Marshaling Marshaling.cpp
2003.04.09 11:43 B C:\SU\CSE775\CODE\ManagedCPP\Marshaling\Marshaling.doc --> ftp.ecs.syr.edu /faculty/fawcett/handouts/CSE775/code/ManagedCPP/Marshaling Marshaling.doc
2003.04.09 11:43 B C:\SU\CSE775\CODE\ManagedCPP\Marshaling\Marshaling.vcproj --> ftp.ecs.syr.edu /faculty/fawcett/handouts/CSE775/code/ManagedCPP/Marshaling Marshaling.vcproj
2003.04.09 11:43 B C:\SU\CSE775\CODE\ManagedCPP\Marshaling\MarshalingLib.dll --> ftp.ecs.syr.edu /faculty/fawcett/handouts/CSE775/code/ManagedCPP/Marshaling MarshalingLib.dll
2003.04.09 11:43 B C:\SU\CSE775\CODE\ManagedCPP\Marshaling\~$rshaling.doc --> ftp.ecs.syr.edu /faculty/fawcett/handouts/CSE775/code/ManagedCPP/Marshaling ~$rshaling.doc
2003.04.09 11:46 B C:\SU\CSE775\CODE\ManagedCPP\Marshaling\WS_FTP.LOG --> ftp.ecs.syr.edu /faculty/fawcett/handouts/CSE775/code/ManagedCPP/Marshaling WS_FTP.LOG
2003.04.09 12:57 B C:\SU\CSE775\CODE\ManagedCPP\Marshaling\Marshaling.cpp --> ftp.ecs.syr.edu /faculty/fawcett/handouts/CSE775/code/ManagedCPP/Marshaling Marshaling.cpp
2003.04.23 08:41 B C:\SU\CSE775\CODE\ManagedCPP\Marshaling\Marshaling.cpp --> ftp.ecs.syr.edu /faculty/fawcett/handouts/CSE687/code/ManagedCPP/Marshaling Marshaling.cpp
2003.04.23 08:41 B C:\SU\CSE775\CODE\ManagedCPP\Marshaling\Marshaling.doc --> ftp.ecs.syr.edu /faculty/fawcett/handouts/CSE687/code/ManagedCPP/Marshaling Marshaling.doc
2003.04.23 08:41 B C:\SU\CSE775\CODE\ManagedCPP\Marshaling\Marshaling.vcproj --> ftp.ecs.syr.edu /faculty/fawcett/handouts/CSE687/code/ManagedCPP/Marshaling Marshaling.vcproj
2003.04.23 08:42 B C:\SU\CSE775\CODE\ManagedCPP\Marshaling\MarshalingLib.dll --> ftp.ecs.syr.edu /faculty/fawcett/handouts/CSE687/code/ManagedCPP/Marshaling MarshalingLib.dll
2003.04.23 08:42 B C:\SU\CSE775\CODE\ManagedCPP\Marshaling\MarshalingLib.exp --> ftp.ecs.syr.edu /faculty/fawcett/handouts/CSE687/code/ManagedCPP/Marshaling MarshalingLib.exp
2003.04.23 08:42 B C:\SU\CSE775\CODE\ManagedCPP\Marshaling\WS_FTP.LOG --> ftp.ecs.syr.edu /faculty/fawcett/handouts/CSE687/code/ManagedCPP/Marshaling WS_FTP.LOG
2006.03.20 11:22 B C:\SU\CSE775\CODE\ManagedCPP\Marshaling\IMarshalingLib.h --> ftp.ecs.syr.edu /faculty/fawcett/handouts/CSE775/code/ManagedCPP/Marshaling IMarshalingLib.h
2006.03.20 11:22 B C:\SU\CSE775\CODE\ManagedCPP\Marshaling\Marshaling.cpp --> ftp.ecs.syr.edu /faculty/fawcett/handouts/CSE775/code/ManagedCPP/Marshaling Marshaling.cpp
2006.03.20 11:22 B C:\SU\CSE775\CODE\ManagedCPP\Marshaling\marshaling.dat --> ftp.ecs.syr.edu /faculty/fawcett/handouts/CSE775/code/ManagedCPP/Marshaling marshaling.dat
2006.03.20 11:22 B C:\SU\CSE775\CODE\ManagedCPP\Marshaling\Marshaling.doc --> ftp.ecs.syr.edu /faculty/fawcett/handouts/CSE775/code/ManagedCPP/Marshaling Marshaling.doc
2006.03.20 11:22 B C:\SU\CSE775\CODE\ManagedCPP\Marshaling\marshaling.txt --> ftp.ecs.syr.edu /faculty/fawcett/handouts/CSE775/code/ManagedCPP/Marshaling marshaling.txt
2006.03.20 11:22 B C:\SU\CSE775\CODE\ManagedCPP\Marshaling\Marshaling.vcproj --> ftp.ecs.syr.edu /faculty/fawcett/handouts/CSE775/code/ManagedCPP/Marshaling Marshaling.vcproj
2006.03.20 11:22 B C:\SU\CSE775\CODE\ManagedCPP\Marshaling\Marshaling.vcproj.CHALLENGER.Administrator.user --> ftp.ecs.syr.edu /faculty/fawcett/handouts/CSE775/code/ManagedCPP/Marshaling Marshaling.vcproj.CHALLENGER.Administrator.user
2006.03.20 11:22 B C:\SU\CSE775\CODE\ManagedCPP\Marshaling\Marshaling.vcproj.COLUMBIA.Administrator.user --> ftp.ecs.syr.edu /faculty/fawcett/handouts/CSE775/code/ManagedCPP/Marshaling Marshaling.vcproj.COLUMBIA.Administrator.user
2006.03.20 11:22 B C:\SU\CSE775\CODE\ManagedCPP\Marshaling\MarshalingLib.dll --> ftp.ecs.syr.edu /faculty/fawcett/handouts/CSE775/code/ManagedCPP/Marshaling MarshalingLib.dll
2006.03.20 11:22 B C:\SU\CSE775\CODE\ManagedCPP\Marshaling\MarshalingLib.exp --> ftp.ecs.syr.edu /faculty/fawcett/handouts/CSE775/code/ManagedCPP/Marshaling MarshalingLib.exp
2006.03.20 11:22 B C:\SU\CSE775\CODE\ManagedCPP\Marshaling\WS_FTP.LOG --> ftp.ecs.syr.edu /faculty/fawcett/handouts/CSE775/code/ManagedCPP/Marshaling WS_FTP.LOG
