2003.02.26 07:43 B C:\SU\CSE775\CODE\components\TreeViewPlus\35FLOPPY.BMP --> ftp.ecs.syr.edu /faculty/fawcett/handouts/CSE775/code/components/TreeViewPlus 35FLOPPY.BMP
2003.02.26 07:43 B C:\SU\CSE775\CODE\components\TreeViewPlus\AssemblyInfo.cs --> ftp.ecs.syr.edu /faculty/fawcett/handouts/CSE775/code/components/TreeViewPlus AssemblyInfo.cs
2003.02.26 07:43 B C:\SU\CSE775\CODE\components\TreeViewPlus\CLSDFOLD.BMP --> ftp.ecs.syr.edu /faculty/fawcett/handouts/CSE775/code/components/TreeViewPlus CLSDFOLD.BMP
2003.02.26 07:43 B C:\SU\CSE775\CODE\components\TreeViewPlus\DOC.BMP --> ftp.ecs.syr.edu /faculty/fawcett/handouts/CSE775/code/components/TreeViewPlus DOC.BMP
2003.02.26 07:43 B C:\SU\CSE775\CODE\components\TreeViewPlus\EXE.BMP --> ftp.ecs.syr.edu /faculty/fawcett/handouts/CSE775/code/components/TreeViewPlus EXE.BMP
2003.02.26 07:43 B C:\SU\CSE775\CODE\components\TreeViewPlus\OPENFOLD.BMP --> ftp.ecs.syr.edu /faculty/fawcett/handouts/CSE775/code/components/TreeViewPlus OPENFOLD.BMP
2003.02.26 07:43 B C:\SU\CSE775\CODE\components\TreeViewPlus\TreeViewPlus.cs --> ftp.ecs.syr.edu /faculty/fawcett/handouts/CSE775/code/components/TreeViewPlus TreeViewPlus.cs
2003.02.26 07:43 B C:\SU\CSE775\CODE\components\TreeViewPlus\TreeViewPlus.csproj --> ftp.ecs.syr.edu /faculty/fawcett/handouts/CSE775/code/components/TreeViewPlus TreeViewPlus.csproj
2003.02.26 07:43 B C:\SU\CSE775\CODE\components\TreeViewPlus\TreeViewPlus.csproj.user --> ftp.ecs.syr.edu /faculty/fawcett/handouts/CSE775/code/components/TreeViewPlus TreeViewPlus.csproj.user
2003.02.26 07:43 B C:\SU\CSE775\CODE\components\TreeViewPlus\TreeViewPlus.resx --> ftp.ecs.syr.edu /faculty/fawcett/handouts/CSE775/code/components/TreeViewPlus TreeViewPlus.resx
2003.02.26 07:43 B C:\SU\CSE775\CODE\components\TreeViewPlus\TXT.BMP --> ftp.ecs.syr.edu /faculty/fawcett/handouts/CSE775/code/components/TreeViewPlus TXT.BMP
2003.02.26 09:47 B C:\SU\CSE775\CODE\components\TreeViewPlus\TreeViewPlus.csproj.user --> ftp.ecs.syr.edu /faculty/fawcett/handouts/CSE775/code/components/TreeViewPlus TreeViewPlus.csproj.user
2003.02.26 09:47 B C:\SU\CSE775\CODE\components\TreeViewPlus\WS_FTP.LOG --> ftp.ecs.syr.edu /faculty/fawcett/handouts/CSE775/code/components/TreeViewPlus WS_FTP.LOG
2003.10.12 12:58 B C:\SU\CSE775\CODE\components\TreeViewPlus\35FLOPPY.BMP --> ftp.ecs.syr.edu /faculty/fawcett/handouts/CSE681/Project4HelpFall03/components/TreeViewPlus 35FLOPPY.BMP
2003.10.12 12:58 B C:\SU\CSE775\CODE\components\TreeViewPlus\AssemblyInfo.cs --> ftp.ecs.syr.edu /faculty/fawcett/handouts/CSE681/Project4HelpFall03/components/TreeViewPlus AssemblyInfo.cs
2003.10.12 12:58 B C:\SU\CSE775\CODE\components\TreeViewPlus\CLSDFOLD.BMP --> ftp.ecs.syr.edu /faculty/fawcett/handouts/CSE681/Project4HelpFall03/components/TreeViewPlus CLSDFOLD.BMP
2003.10.12 12:58 B C:\SU\CSE775\CODE\components\TreeViewPlus\DOC.BMP --> ftp.ecs.syr.edu /faculty/fawcett/handouts/CSE681/Project4HelpFall03/components/TreeViewPlus DOC.BMP
2003.10.12 12:58 B C:\SU\CSE775\CODE\components\TreeViewPlus\EXE.BMP --> ftp.ecs.syr.edu /faculty/fawcett/handouts/CSE681/Project4HelpFall03/components/TreeViewPlus EXE.BMP
2003.10.12 12:58 B C:\SU\CSE775\CODE\components\TreeViewPlus\OPENFOLD.BMP --> ftp.ecs.syr.edu /faculty/fawcett/handouts/CSE681/Project4HelpFall03/components/TreeViewPlus OPENFOLD.BMP
2003.10.12 12:58 B C:\SU\CSE775\CODE\components\TreeViewPlus\TreeViewPlus.cs --> ftp.ecs.syr.edu /faculty/fawcett/handouts/CSE681/Project4HelpFall03/components/TreeViewPlus TreeViewPlus.cs
2003.10.12 12:58 B C:\SU\CSE775\CODE\components\TreeViewPlus\TreeViewPlus.csproj --> ftp.ecs.syr.edu /faculty/fawcett/handouts/CSE681/Project4HelpFall03/components/TreeViewPlus TreeViewPlus.csproj
2003.10.12 12:58 B C:\SU\CSE775\CODE\components\TreeViewPlus\TreeViewPlus.csproj.user --> ftp.ecs.syr.edu /faculty/fawcett/handouts/CSE681/Project4HelpFall03/components/TreeViewPlus TreeViewPlus.csproj.user
2003.10.12 12:58 B C:\SU\CSE775\CODE\components\TreeViewPlus\TreeViewPlus.resx --> ftp.ecs.syr.edu /faculty/fawcett/handouts/CSE681/Project4HelpFall03/components/TreeViewPlus TreeViewPlus.resx
2003.10.12 12:58 B C:\SU\CSE775\CODE\components\TreeViewPlus\TXT.BMP --> ftp.ecs.syr.edu /faculty/fawcett/handouts/CSE681/Project4HelpFall03/components/TreeViewPlus TXT.BMP
2003.10.12 12:58 B C:\SU\CSE775\CODE\components\TreeViewPlus\WS_FTP.LOG --> ftp.ecs.syr.edu /faculty/fawcett/handouts/CSE681/Project4HelpFall03/components/TreeViewPlus WS_FTP.LOG
2004.02.25 10:17 B C:\SU\CSE775\CODE\components\TreeViewPlus\TreeViewPlus.csproj --> ftp.ecs.syr.edu /faculty/fawcett/handouts/CSE775/code/components/TreeViewPlus TreeViewPlus.csproj
2004.02.25 10:17 B C:\SU\CSE775\CODE\components\TreeViewPlus\TreeViewPlus.csproj.user --> ftp.ecs.syr.edu /faculty/fawcett/handouts/CSE775/code/components/TreeViewPlus TreeViewPlus.csproj.user
2004.02.25 10:17 B C:\SU\CSE775\CODE\components\TreeViewPlus\WS_FTP.LOG --> ftp.ecs.syr.edu /faculty/fawcett/handouts/CSE775/code/components/TreeViewPlus WS_FTP.LOG
2004.04.17 17:11 B C:\SU\CSE687\Code\demoCppWinForm\TreeViewPlus\35FLOPPY.BMP --> ftp.ecs.syr.edu /faculty/fawcett/handouts/CSE687/code/demoCppWinForm/TreeViewPlus 35FLOPPY.BMP
2004.04.17 17:11 B C:\SU\CSE687\Code\demoCppWinForm\TreeViewPlus\AssemblyInfo.cs --> ftp.ecs.syr.edu /faculty/fawcett/handouts/CSE687/code/demoCppWinForm/TreeViewPlus AssemblyInfo.cs
2004.04.17 17:11 B C:\SU\CSE687\Code\demoCppWinForm\TreeViewPlus\CLSDFOLD.BMP --> ftp.ecs.syr.edu /faculty/fawcett/handouts/CSE687/code/demoCppWinForm/TreeViewPlus CLSDFOLD.BMP
2004.04.17 17:11 B C:\SU\CSE687\Code\demoCppWinForm\TreeViewPlus\DOC.BMP --> ftp.ecs.syr.edu /faculty/fawcett/handouts/CSE687/code/demoCppWinForm/TreeViewPlus DOC.BMP
2004.04.17 17:11 B C:\SU\CSE687\Code\demoCppWinForm\TreeViewPlus\EXE.BMP --> ftp.ecs.syr.edu /faculty/fawcett/handouts/CSE687/code/demoCppWinForm/TreeViewPlus EXE.BMP
2004.04.17 17:11 B C:\SU\CSE687\Code\demoCppWinForm\TreeViewPlus\OPENFOLD.BMP --> ftp.ecs.syr.edu /faculty/fawcett/handouts/CSE687/code/demoCppWinForm/TreeViewPlus OPENFOLD.BMP
2004.04.17 17:11 B C:\SU\CSE687\Code\demoCppWinForm\TreeViewPlus\TreeViewPlus.cs --> ftp.ecs.syr.edu /faculty/fawcett/handouts/CSE687/code/demoCppWinForm/TreeViewPlus TreeViewPlus.cs
2004.04.17 17:11 B C:\SU\CSE687\Code\demoCppWinForm\TreeViewPlus\TreeViewPlus.csproj --> ftp.ecs.syr.edu /faculty/fawcett/handouts/CSE687/code/demoCppWinForm/TreeViewPlus TreeViewPlus.csproj
2004.04.17 17:11 B C:\SU\CSE687\Code\demoCppWinForm\TreeViewPlus\TreeViewPlus.csproj.user --> ftp.ecs.syr.edu /faculty/fawcett/handouts/CSE687/code/demoCppWinForm/TreeViewPlus TreeViewPlus.csproj.user
2004.04.17 17:11 B C:\SU\CSE687\Code\demoCppWinForm\TreeViewPlus\TreeViewPlus.resx --> ftp.ecs.syr.edu /faculty/fawcett/handouts/CSE687/code/demoCppWinForm/TreeViewPlus TreeViewPlus.resx
2004.04.17 17:11 B C:\SU\CSE687\Code\demoCppWinForm\TreeViewPlus\TXT.BMP --> ftp.ecs.syr.edu /faculty/fawcett/handouts/CSE687/code/demoCppWinForm/TreeViewPlus TXT.BMP
2004.04.17 17:11 B C:\SU\CSE687\Code\demoCppWinForm\TreeViewPlus\WS_FTP.LOG --> ftp.ecs.syr.edu /faculty/fawcett/handouts/CSE687/code/demoCppWinForm/TreeViewPlus WS_FTP.LOG
2004.06.06 10:35 B C:\SU\CSE681\code\demoCppWinForm\TreeViewPlus\35FLOPPY.BMP --> ftp.ecs.syr.edu /faculty/fawcett/handouts/CSE681/code/demoCppWinForm/TreeViewPlus 35FLOPPY.BMP
2004.06.06 10:35 B C:\SU\CSE681\code\demoCppWinForm\TreeViewPlus\AssemblyInfo.cs --> ftp.ecs.syr.edu /faculty/fawcett/handouts/CSE681/code/demoCppWinForm/TreeViewPlus AssemblyInfo.cs
2004.06.06 10:35 B C:\SU\CSE681\code\demoCppWinForm\TreeViewPlus\CLSDFOLD.BMP --> ftp.ecs.syr.edu /faculty/fawcett/handouts/CSE681/code/demoCppWinForm/TreeViewPlus CLSDFOLD.BMP
2004.06.06 10:35 B C:\SU\CSE681\code\demoCppWinForm\TreeViewPlus\DOC.BMP --> ftp.ecs.syr.edu /faculty/fawcett/handouts/CSE681/code/demoCppWinForm/TreeViewPlus DOC.BMP
2004.06.06 10:35 B C:\SU\CSE681\code\demoCppWinForm\TreeViewPlus\EXE.BMP --> ftp.ecs.syr.edu /faculty/fawcett/handouts/CSE681/code/demoCppWinForm/TreeViewPlus EXE.BMP
2004.06.06 10:35 B C:\SU\CSE681\code\demoCppWinForm\TreeViewPlus\OPENFOLD.BMP --> ftp.ecs.syr.edu /faculty/fawcett/handouts/CSE681/code/demoCppWinForm/TreeViewPlus OPENFOLD.BMP
2004.06.06 10:35 B C:\SU\CSE681\code\demoCppWinForm\TreeViewPlus\TreeViewPlus.cs --> ftp.ecs.syr.edu /faculty/fawcett/handouts/CSE681/code/demoCppWinForm/TreeViewPlus TreeViewPlus.cs
2004.06.06 10:35 B C:\SU\CSE681\code\demoCppWinForm\TreeViewPlus\TreeViewPlus.csproj --> ftp.ecs.syr.edu /faculty/fawcett/handouts/CSE681/code/demoCppWinForm/TreeViewPlus TreeViewPlus.csproj
2004.06.06 10:35 B C:\SU\CSE681\code\demoCppWinForm\TreeViewPlus\TreeViewPlus.csproj.user --> ftp.ecs.syr.edu /faculty/fawcett/handouts/CSE681/code/demoCppWinForm/TreeViewPlus TreeViewPlus.csproj.user
2004.06.06 10:35 B C:\SU\CSE681\code\demoCppWinForm\TreeViewPlus\TreeViewPlus.resx --> ftp.ecs.syr.edu /faculty/fawcett/handouts/CSE681/code/demoCppWinForm/TreeViewPlus TreeViewPlus.resx
2004.06.06 10:35 B C:\SU\CSE681\code\demoCppWinForm\TreeViewPlus\TXT.BMP --> ftp.ecs.syr.edu /faculty/fawcett/handouts/CSE681/code/demoCppWinForm/TreeViewPlus TXT.BMP
2004.06.06 10:35 B C:\SU\CSE681\code\demoCppWinForm\TreeViewPlus\WS_FTP.LOG --> ftp.ecs.syr.edu /faculty/fawcett/handouts/CSE681/code/demoCppWinForm/TreeViewPlus WS_FTP.LOG
2005.03.30 08:42 B C:\SU\CSE681\code\demoCppWinForm\TreeViewPlus\35FLOPPY.BMP --> ftp.ecs.syr.edu /faculty/fawcett/handouts/CSE775/code/demoCppWinForm/TreeViewPlus 35FLOPPY.BMP
2005.03.30 08:42 B C:\SU\CSE681\code\demoCppWinForm\TreeViewPlus\AssemblyInfo.cs --> ftp.ecs.syr.edu /faculty/fawcett/handouts/CSE775/code/demoCppWinForm/TreeViewPlus AssemblyInfo.cs
2005.03.30 08:42 B C:\SU\CSE681\code\demoCppWinForm\TreeViewPlus\CLSDFOLD.BMP --> ftp.ecs.syr.edu /faculty/fawcett/handouts/CSE775/code/demoCppWinForm/TreeViewPlus CLSDFOLD.BMP
2005.03.30 08:42 B C:\SU\CSE681\code\demoCppWinForm\TreeViewPlus\DOC.BMP --> ftp.ecs.syr.edu /faculty/fawcett/handouts/CSE775/code/demoCppWinForm/TreeViewPlus DOC.BMP
2005.03.30 08:42 B C:\SU\CSE681\code\demoCppWinForm\TreeViewPlus\EXE.BMP --> ftp.ecs.syr.edu /faculty/fawcett/handouts/CSE775/code/demoCppWinForm/TreeViewPlus EXE.BMP
2005.03.30 08:42 B C:\SU\CSE681\code\demoCppWinForm\TreeViewPlus\OPENFOLD.BMP --> ftp.ecs.syr.edu /faculty/fawcett/handouts/CSE775/code/demoCppWinForm/TreeViewPlus OPENFOLD.BMP
2005.03.30 08:42 B C:\SU\CSE681\code\demoCppWinForm\TreeViewPlus\TreeViewPlus.cs --> ftp.ecs.syr.edu /faculty/fawcett/handouts/CSE775/code/demoCppWinForm/TreeViewPlus TreeViewPlus.cs
2005.03.30 08:42 B C:\SU\CSE681\code\demoCppWinForm\TreeViewPlus\TreeViewPlus.csproj --> ftp.ecs.syr.edu /faculty/fawcett/handouts/CSE775/code/demoCppWinForm/TreeViewPlus TreeViewPlus.csproj
2005.03.30 08:42 B C:\SU\CSE681\code\demoCppWinForm\TreeViewPlus\TreeViewPlus.csproj.user --> ftp.ecs.syr.edu /faculty/fawcett/handouts/CSE775/code/demoCppWinForm/TreeViewPlus TreeViewPlus.csproj.user
2005.03.30 08:42 B C:\SU\CSE681\code\demoCppWinForm\TreeViewPlus\TreeViewPlus.resx --> ftp.ecs.syr.edu /faculty/fawcett/handouts/CSE775/code/demoCppWinForm/TreeViewPlus TreeViewPlus.resx
2005.03.30 08:42 B C:\SU\CSE681\code\demoCppWinForm\TreeViewPlus\TXT.BMP --> ftp.ecs.syr.edu /faculty/fawcett/handouts/CSE775/code/demoCppWinForm/TreeViewPlus TXT.BMP
2005.03.30 08:42 B C:\SU\CSE681\code\demoCppWinForm\TreeViewPlus\WS_FTP.LOG --> ftp.ecs.syr.edu /faculty/fawcett/handouts/CSE775/code/demoCppWinForm/TreeViewPlus WS_FTP.LOG
2005.04.10 19:33 B C:\SU\CoreTechnologies\ManagedCpp\code\demoCppWinForm\TreeViewPlus\35FLOPPY.BMP --> ftp.ecs.syr.edu /faculty/fawcett/handouts/CoreTechnologies/ManagedCpp/code/demoCppWinForm/TreeViewPlus 35FLOPPY.BMP
2005.04.10 19:33 B C:\SU\CoreTechnologies\ManagedCpp\code\demoCppWinForm\TreeViewPlus\AssemblyInfo.cs --> ftp.ecs.syr.edu /faculty/fawcett/handouts/CoreTechnologies/ManagedCpp/code/demoCppWinForm/TreeViewPlus AssemblyInfo.cs
2005.04.10 19:33 B C:\SU\CoreTechnologies\ManagedCpp\code\demoCppWinForm\TreeViewPlus\CLSDFOLD.BMP --> ftp.ecs.syr.edu /faculty/fawcett/handouts/CoreTechnologies/ManagedCpp/code/demoCppWinForm/TreeViewPlus CLSDFOLD.BMP
2005.04.10 19:33 B C:\SU\CoreTechnologies\ManagedCpp\code\demoCppWinForm\TreeViewPlus\DOC.BMP --> ftp.ecs.syr.edu /faculty/fawcett/handouts/CoreTechnologies/ManagedCpp/code/demoCppWinForm/TreeViewPlus DOC.BMP
2005.04.10 19:33 B C:\SU\CoreTechnologies\ManagedCpp\code\demoCppWinForm\TreeViewPlus\EXE.BMP --> ftp.ecs.syr.edu /faculty/fawcett/handouts/CoreTechnologies/ManagedCpp/code/demoCppWinForm/TreeViewPlus EXE.BMP
2005.04.10 19:33 B C:\SU\CoreTechnologies\ManagedCpp\code\demoCppWinForm\TreeViewPlus\OPENFOLD.BMP --> ftp.ecs.syr.edu /faculty/fawcett/handouts/CoreTechnologies/ManagedCpp/code/demoCppWinForm/TreeViewPlus OPENFOLD.BMP
2005.04.10 19:33 B C:\SU\CoreTechnologies\ManagedCpp\code\demoCppWinForm\TreeViewPlus\TreeViewPlus.cs --> ftp.ecs.syr.edu /faculty/fawcett/handouts/CoreTechnologies/ManagedCpp/code/demoCppWinForm/TreeViewPlus TreeViewPlus.cs
2005.04.10 19:33 B C:\SU\CoreTechnologies\ManagedCpp\code\demoCppWinForm\TreeViewPlus\TreeViewPlus.csproj --> ftp.ecs.syr.edu /faculty/fawcett/handouts/CoreTechnologies/ManagedCpp/code/demoCppWinForm/TreeViewPlus TreeViewPlus.csproj
2005.04.10 19:33 B C:\SU\CoreTechnologies\ManagedCpp\code\demoCppWinForm\TreeViewPlus\TreeViewPlus.csproj.user --> ftp.ecs.syr.edu /faculty/fawcett/handouts/CoreTechnologies/ManagedCpp/code/demoCppWinForm/TreeViewPlus TreeViewPlus.csproj.user
2005.04.10 19:33 B C:\SU\CoreTechnologies\ManagedCpp\code\demoCppWinForm\TreeViewPlus\TreeViewPlus.resx --> ftp.ecs.syr.edu /faculty/fawcett/handouts/CoreTechnologies/ManagedCpp/code/demoCppWinForm/TreeViewPlus TreeViewPlus.resx
2005.04.10 19:33 B C:\SU\CoreTechnologies\ManagedCpp\code\demoCppWinForm\TreeViewPlus\TXT.BMP --> ftp.ecs.syr.edu /faculty/fawcett/handouts/CoreTechnologies/ManagedCpp/code/demoCppWinForm/TreeViewPlus TXT.BMP
2005.04.10 19:33 B C:\SU\CoreTechnologies\ManagedCpp\code\demoCppWinForm\TreeViewPlus\WS_FTP.LOG --> ftp.ecs.syr.edu /faculty/fawcett/handouts/CoreTechnologies/ManagedCpp/code/demoCppWinForm/TreeViewPlus WS_FTP.LOG
